\BOOKMARK [1][-]{section.1}{Introducci\363n}{}% 1
\BOOKMARK [2][-]{subsection.1.1}{Objetivo del Estudio}{section.1}% 2
\BOOKMARK [1][-]{section.2}{Algoritmos de Optimizaci\363n}{}% 3
\BOOKMARK [2][-]{subsection.2.1}{Descenso M\341ximo}{section.2}% 4
\BOOKMARK [3][-]{subsubsection.2.1.1}{Aplicaciones y Efectividad}{subsection.2.1}% 5
\BOOKMARK [3][-]{subsubsection.2.1.2}{Ventajas y Desventajas Generales}{subsection.2.1}% 6
\BOOKMARK [3][-]{subsubsection.2.1.3}{Rendimiento en la Funci\363n de Giunta}{subsection.2.1}% 7
\BOOKMARK [2][-]{subsection.2.2}{M\351todo Cuasi-Newton \(BFGS\)}{section.2}% 8
\BOOKMARK [3][-]{subsubsection.2.2.1}{Aplicaciones y Efectividad}{subsection.2.2}% 9
\BOOKMARK [3][-]{subsubsection.2.2.2}{Ventajas y Desventajas Generales}{subsection.2.2}% 10
\BOOKMARK [3][-]{subsubsection.2.2.3}{Rendimiento en la Funci\363n de Giunta}{subsection.2.2}% 11
\BOOKMARK [2][-]{subsection.2.3}{M\351todo de Regi\363n de Confianza}{section.2}% 12
\BOOKMARK [3][-]{subsubsection.2.3.1}{Aplicaciones y Efectividad}{subsection.2.3}% 13
\BOOKMARK [3][-]{subsubsection.2.3.2}{Ventajas y Desventajas Generales}{subsection.2.3}% 14
\BOOKMARK [3][-]{subsubsection.2.3.3}{Rendimiento en la Funci\363n de Giunta}{subsection.2.3}% 15
\BOOKMARK [2][-]{subsection.2.4}{Evoluci\363n Diferencial}{section.2}% 16
\BOOKMARK [3][-]{subsubsection.2.4.1}{Aplicaciones y Efectividad}{subsection.2.4}% 17
\BOOKMARK [3][-]{subsubsection.2.4.2}{Ventajas y Desventajas Generales}{subsection.2.4}% 18
\BOOKMARK [3][-]{subsubsection.2.4.3}{Rendimiento en la Funci\363n de Giunta}{subsection.2.4}% 19
\BOOKMARK [2][-]{subsection.2.5}{Algoritmo Gen\351tico}{section.2}% 20
\BOOKMARK [3][-]{subsubsection.2.5.1}{Aplicaciones y Efectividad}{subsection.2.5}% 21
\BOOKMARK [3][-]{subsubsection.2.5.2}{Ventajas y Desventajas Generales}{subsection.2.5}% 22
\BOOKMARK [3][-]{subsubsection.2.5.3}{Rendimiento en la Funci\363n de Giunta}{subsection.2.5}% 23
\BOOKMARK [2][-]{subsection.2.6}{Algoritmo de Enjambre de Part\355culas \(PSO\)}{section.2}% 24
\BOOKMARK [3][-]{subsubsection.2.6.1}{Aplicaciones y Efectividad}{subsection.2.6}% 25
\BOOKMARK [3][-]{subsubsection.2.6.2}{Ventajas y Desventajas Generales}{subsection.2.6}% 26
\BOOKMARK [3][-]{subsubsection.2.6.3}{Rendimiento en la Funci\363n de Giunta}{subsection.2.6}% 27
\BOOKMARK [2][-]{subsection.2.7}{Recocido Simulado}{section.2}% 28
\BOOKMARK [3][-]{subsubsection.2.7.1}{Aplicaciones y Efectividad}{subsection.2.7}% 29
\BOOKMARK [3][-]{subsubsection.2.7.2}{Ventajas y Desventajas Generales}{subsection.2.7}% 30
\BOOKMARK [3][-]{subsubsection.2.7.3}{Rendimiento en la Funci\363n de Giunta}{subsection.2.7}% 31
\BOOKMARK [2][-]{subsection.2.8}{M\351todo de Salto de Cuenca \(Basin Hopping\)}{section.2}% 32
\BOOKMARK [3][-]{subsubsection.2.8.1}{Aplicaciones y Efectividad}{subsection.2.8}% 33
\BOOKMARK [3][-]{subsubsection.2.8.2}{Ventajas y Desventajas Generales}{subsection.2.8}% 34
\BOOKMARK [3][-]{subsubsection.2.8.3}{Rendimiento en la Funci\363n de Giunta}{subsection.2.8}% 35
\BOOKMARK [2][-]{subsection.2.9}{Funci\363n minimize de scipy.optimize}{section.2}% 36
\BOOKMARK [3][-]{subsubsection.2.9.1}{Aplicaciones y Efectividad}{subsection.2.9}% 37
\BOOKMARK [3][-]{subsubsection.2.9.2}{Ventajas y Desventajas Generales}{subsection.2.9}% 38
\BOOKMARK [3][-]{subsubsection.2.9.3}{Rendimiento en la Funci\363n de Giunta}{subsection.2.9}% 39
\BOOKMARK [2][-]{subsection.2.10}{Inaplicabilidad del Algoritmo de Newton}{section.2}% 40
\BOOKMARK [3][-]{subsubsection.2.10.1}{Limitaciones en la Funci\363n de Giunta}{subsection.2.10}% 41
\BOOKMARK [1][-]{section.3}{Resultados}{}% 42
\BOOKMARK [2][-]{subsection.3.1}{Precisi\363n en la Soluci\363n}{section.3}% 43
\BOOKMARK [2][-]{subsection.3.2}{Tiempo Computacional}{section.3}% 44
\BOOKMARK [2][-]{subsection.3.3}{Resumen de Resultados}{section.3}% 45
\BOOKMARK [2][-]{subsection.3.4}{Observaciones sobre el Comportamiento con Dimensiones Crecientes}{section.3}% 46
\BOOKMARK [1][-]{section.4}{Conclusiones}{}% 47
